<?xml version="1.0" encoding="UTF-8"?>
<!-- Generated by org.testng.reporters.JUnitReportReporter -->
<testsuite hostname="LAPTOP-L8R5CMFU" name="pom.facebook.pages.TC001" tests="1" failures="0" timestamp="2 Apr 2022 08:35:35 GMT" time="8.611" errors="0">
  <testcase name="facebookPage" time="8.611" classname="pom.facebook.pages.TC001"/>
</testsuite> <!-- pom.facebook.pages.TC001 -->
