<?xml version="1.0" encoding="UTF-8"?>
<!-- Generated by org.testng.reporters.JUnitReportReporter -->
<testsuite hostname="LAPTOP-L8R5CMFU" name="pom.uat.pages.TC011" tests="1" failures="0" timestamp="2 Apr 2022 08:45:25 GMT" time="213.279" errors="0">
  <testcase name="adduserPage" time="213.279" classname="pom.uat.pages.TC011"/>
</testsuite> <!-- pom.uat.pages.TC011 -->
