<?xml version="1.0" encoding="UTF-8"?>
<!-- Generated by org.testng.reporters.JUnitReportReporter -->
<testsuite hostname="LAPTOP-L8R5CMFU" name="utils.SampleReport" tests="1" failures="0" timestamp="26 Nov 2021 04:03:41 GMT" time="0.335" errors="0">
  <testcase name="report" time="0.335" classname="utils.SampleReport"/>
</testsuite> <!-- utils.SampleReport -->
