<?xml version="1.0" encoding="UTF-8"?>
<!-- Generated by org.testng.reporters.JUnitReportReporter -->
<testsuite hostname="LAPTOP-L8R5CMFU" name="pom.ftr.pages.TC003" tests="1" failures="0" timestamp="26 Nov 2021 03:56:49 GMT" time="25.646" errors="0">
  <testcase name="ftrPage" time="25.646" classname="pom.ftr.pages.TC003"/>
</testsuite> <!-- pom.ftr.pages.TC003 -->
