<?xml version="1.0" encoding="UTF-8"?>
<!-- Generated by org.testng.reporters.JUnitReportReporter -->
<testsuite hostname="LAPTOP-L8R5CMFU" name="pom.uat.pages.TC013" tests="1" failures="0" timestamp="2 Apr 2022 08:39:55 GMT" time="16.725" errors="0">
  <testcase name="signinPage" time="16.725" classname="pom.uat.pages.TC013"/>
</testsuite> <!-- pom.uat.pages.TC013 -->
