<?xml version="1.0" encoding="UTF-8"?>
<!-- Generated by org.testng.reporters.JUnitReportReporter -->
<testsuite hostname="LAPTOP-L8R5CMFU" name="pom.irctc.testcases.TC005" tests="1" failures="0" timestamp="27 Mar 2022 13:57:00 GMT" time="774.199" errors="0">
  <testcase name="registrationPage" time="774.199" classname="pom.irctc.testcases.TC005"/>
</testsuite> <!-- pom.irctc.testcases.TC005 -->
