<?xml version="1.0" encoding="UTF-8"?>
<!-- Generated by org.testng.reporters.JUnitReportReporter -->
<testsuite hostname="LAPTOP-L8R5CMFU" name="pom.phptravles.pages.TC002" tests="1" failures="0" timestamp="26 Nov 2021 04:15:29 GMT" time="41.174" errors="0">
  <testcase name="phpRegPage" time="41.174" classname="pom.phptravles.pages.TC002"/>
</testsuite> <!-- pom.phptravles.pages.TC002 -->
