<?xml version="1.0" encoding="UTF-8"?>
<!-- Generated by org.testng.reporters.JUnitReportReporter -->
<testsuite hostname="LAPTOP-L8R5CMFU" name="pom.uat.pages.TC014" tests="1" failures="0" timestamp="2 Apr 2022 08:40:32 GMT" time="41.316" errors="0">
  <testcase name="signinPage" time="41.316" classname="pom.uat.pages.TC014"/>
</testsuite> <!-- pom.uat.pages.TC014 -->
