<?xml version="1.0" encoding="UTF-8"?>
<!-- Generated by org.testng.reporters.JUnitReportReporter -->
<testsuite hostname="LAPTOP-L8R5CMFU" name="pom.irctc.testcases.TC008" tests="1" failures="0" timestamp="2 Apr 2022 07:41:02 GMT" time="96.846" errors="0">
  <testcase name="charterPage" time="96.846" classname="pom.irctc.testcases.TC008"/>
</testsuite> <!-- pom.irctc.testcases.TC008 -->
