<?xml version="1.0" encoding="UTF-8"?>
<!-- Generated by org.testng.reporters.JUnitReportReporter -->
<testsuite hostname="LAPTOP-L8R5CMFU" name="pom.uat.pages.TC012" tests="1" failures="0" timestamp="2 Apr 2022 08:41:42 GMT" time="195.315" errors="0">
  <testcase name="signinPage" time="195.315" classname="pom.uat.pages.TC012"/>
</testsuite> <!-- pom.uat.pages.TC012 -->
